Determining if the pthread_create exist failed with the following output:
Change Dir: /home/bernard/swarm/build/CMakeFiles/CMakeTmp

Run Build Command:"/usr/bin/make" "cmTC_42960/fast"
/usr/bin/make -f CMakeFiles/cmTC_42960.dir/build.make CMakeFiles/cmTC_42960.dir/build
make[1]: Entering directory '/home/bernard/swarm/build/CMakeFiles/CMakeTmp'
Building C object CMakeFiles/cmTC_42960.dir/CheckSymbolExists.c.o
/usr/bin/cc    -o CMakeFiles/cmTC_42960.dir/CheckSymbolExists.c.o   -c /home/bernard/swarm/build/CMakeFiles/CMakeTmp/CheckSymbolExists.c
Linking C executable cmTC_42960
/usr/bin/cmake -E cmake_link_script CMakeFiles/cmTC_42960.dir/link.txt --verbose=1
/usr/bin/cc      -rdynamic CMakeFiles/cmTC_42960.dir/CheckSymbolExists.c.o  -o cmTC_42960 
CMakeFiles/cmTC_42960.dir/CheckSymbolExists.c.o: In function `main':
CheckSymbolExists.c:(.text+0x1b): undefined reference to `pthread_create'
collect2: error: ld returned 1 exit status
CMakeFiles/cmTC_42960.dir/build.make:97: recipe for target 'cmTC_42960' failed
make[1]: *** [cmTC_42960] Error 1
make[1]: Leaving directory '/home/bernard/swarm/build/CMakeFiles/CMakeTmp'
Makefile:126: recipe for target 'cmTC_42960/fast' failed
make: *** [cmTC_42960/fast] Error 2

File /home/bernard/swarm/build/CMakeFiles/CMakeTmp/CheckSymbolExists.c:
/* */
#include <pthread.h>

int main(int argc, char** argv)
{
  (void)argv;
#ifndef pthread_create
  return ((int*)(&pthread_create))[argc];
#else
  (void)argc;
  return 0;
#endif
}

Determining if the function pthread_create exists in the pthreads failed with the following output:
Change Dir: /home/bernard/swarm/build/CMakeFiles/CMakeTmp

Run Build Command:"/usr/bin/make" "cmTC_f5f41/fast"
/usr/bin/make -f CMakeFiles/cmTC_f5f41.dir/build.make CMakeFiles/cmTC_f5f41.dir/build
make[1]: Entering directory '/home/bernard/swarm/build/CMakeFiles/CMakeTmp'
Building C object CMakeFiles/cmTC_f5f41.dir/CheckFunctionExists.c.o
/usr/bin/cc   -DCHECK_FUNCTION_EXISTS=pthread_create   -o CMakeFiles/cmTC_f5f41.dir/CheckFunctionExists.c.o   -c /usr/share/cmake-3.10/Modules/CheckFunctionExists.c
Linking C executable cmTC_f5f41
/usr/bin/cmake -E cmake_link_script CMakeFiles/cmTC_f5f41.dir/link.txt --verbose=1
/usr/bin/cc  -DCHECK_FUNCTION_EXISTS=pthread_create    -rdynamic CMakeFiles/cmTC_f5f41.dir/CheckFunctionExists.c.o  -o cmTC_f5f41 -lpthreads 
/usr/bin/ld: cannot find -lpthreads
collect2: error: ld returned 1 exit status
CMakeFiles/cmTC_f5f41.dir/build.make:97: recipe for target 'cmTC_f5f41' failed
make[1]: *** [cmTC_f5f41] Error 1
make[1]: Leaving directory '/home/bernard/swarm/build/CMakeFiles/CMakeTmp'
Makefile:126: recipe for target 'cmTC_f5f41/fast' failed
make: *** [cmTC_f5f41/fast] Error 2


